Flow report for ProCam
Mon Apr 06 23:44:58 2015
Quartus II 64-Bit Version 13.1.0 Build 162 10/23/2013 SJ Full Version


---------------------
; Table of Contents ;
---------------------
  1. Legal Notice
  2. Flow Summary
  3. Flow Settings
  4. Flow Non-Default Global Settings
  5. Flow Elapsed Time
  6. Flow OS Summary
  7. Flow Log
  8. Flow Messages
  9. Flow Suppressed Messages



----------------
; Legal Notice ;
----------------
Copyright (C) 1991-2013 Altera Corporation
Your use of Altera Corporation's design tools, logic functions 
and other software and tools, and its AMPP partner logic 
functions, and any output files from any of the foregoing 
(including device programming or simulation files), and any 
associated documentation or information are expressly subject 
to the terms and conditions of the Altera Program License 
Subscription Agreement, Altera MegaCore Function License 
Agreement, or other applicable license agreement, including, 
without limitation, that your use is for the sole purpose of 
programming logic devices manufactured by Altera and sold by 
Altera or its authorized distributors.  Please refer to the 
applicable agreement for further details.



+----------------------------------------------------------------------------------+
; Flow Summary                                                                     ;
+------------------------------------+---------------------------------------------+
; Flow Status                        ; Successful - Mon Apr 06 23:44:49 2015       ;
; Quartus II 64-Bit Version          ; 13.1.0 Build 162 10/23/2013 SJ Full Version ;
; Revision Name                      ; ProCam                                      ;
; Top-level Entity Name              ; ProCam                                      ;
; Family                             ; Cyclone IV E                                ;
; Device                             ; EP4CE115F29C7                               ;
; Timing Models                      ; Final                                       ;
; Total logic elements               ; 7,951 / 114,480 ( 7 % )                     ;
;     Total combinational functions  ; 7,087 / 114,480 ( 6 % )                     ;
;     Dedicated logic registers      ; 3,470 / 114,480 ( 3 % )                     ;
; Total registers                    ; 3470                                        ;
; Total pins                         ; 305 / 529 ( 58 % )                          ;
; Total virtual pins                 ; 0                                           ;
; Total memory bits                  ; 81,270 / 3,981,312 ( 2 % )                  ;
; Embedded Multiplier 9-bit elements ; 19 / 532 ( 4 % )                            ;
; Total PLLs                         ; 2 / 4 ( 50 % )                              ;
+------------------------------------+---------------------------------------------+


+-----------------------------------------+
; Flow Settings                           ;
+-------------------+---------------------+
; Option            ; Setting             ;
+-------------------+---------------------+
; Start date & time ; 04/06/2015 23:43:36 ;
; Main task         ; Compilation         ;
; Revision Name     ; ProCam              ;
+-------------------+---------------------+


+------------------------------------------------------------------------------------------------------------------------+
; Flow Non-Default Global Settings                                                                                       ;
+-------------------------------------+---------------------------------------+---------------+-------------+------------+
; Assignment Name                     ; Value                                 ; Default Value ; Entity Name ; Section Id ;
+-------------------------------------+---------------------------------------+---------------+-------------+------------+
; COMPILER_SIGNATURE_ID               ; 246562427391274.142833501601192       ; --            ; --          ; --         ;
; IP_TOOL_NAME                        ; Shift register (RAM-based)            ; --            ; --          ; --         ;
; IP_TOOL_NAME                        ; Shift register (RAM-based)            ; --            ; --          ; --         ;
; IP_TOOL_NAME                        ; ALTPLL                                ; --            ; --          ; --         ;
; IP_TOOL_NAME                        ; FIFO                                  ; --            ; --          ; --         ;
; IP_TOOL_NAME                        ; FIFO                                  ; --            ; --          ; --         ;
; IP_TOOL_NAME                        ; ALTPLL                                ; --            ; --          ; --         ;
; IP_TOOL_NAME                        ; FIFO                                  ; --            ; --          ; --         ;
; IP_TOOL_NAME                        ; FIFO                                  ; --            ; --          ; --         ;
; IP_TOOL_NAME                        ; ALTFP_CONVERT                         ; --            ; --          ; --         ;
; IP_TOOL_NAME                        ; ALTFP_CONVERT                         ; --            ; --          ; --         ;
; IP_TOOL_NAME                        ; ALTFP_SQRT                            ; --            ; --          ; --         ;
; IP_TOOL_VERSION                     ; 13.1                                  ; --            ; --          ; --         ;
; IP_TOOL_VERSION                     ; 13.1                                  ; --            ; --          ; --         ;
; IP_TOOL_VERSION                     ; 13.1                                  ; --            ; --          ; --         ;
; IP_TOOL_VERSION                     ; 13.1                                  ; --            ; --          ; --         ;
; IP_TOOL_VERSION                     ; 13.1                                  ; --            ; --          ; --         ;
; IP_TOOL_VERSION                     ; 13.1                                  ; --            ; --          ; --         ;
; IP_TOOL_VERSION                     ; 13.1                                  ; --            ; --          ; --         ;
; IP_TOOL_VERSION                     ; 13.1                                  ; --            ; --          ; --         ;
; IP_TOOL_VERSION                     ; 13.1                                  ; --            ; --          ; --         ;
; IP_TOOL_VERSION                     ; 13.1                                  ; --            ; --          ; --         ;
; IP_TOOL_VERSION                     ; 13.1                                  ; --            ; --          ; --         ;
; MAX_CORE_JUNCTION_TEMP              ; 85                                    ; --            ; --          ; --         ;
; MIN_CORE_JUNCTION_TEMP              ; 0                                     ; --            ; --          ; --         ;
; MISC_FILE                           ; v/Line_Buffer_bb.v                    ; --            ; --          ; --         ;
; MISC_FILE                           ; v/Line_Buffer1_bb.v                   ; --            ; --          ; --         ;
; MISC_FILE                           ; v/sdram_pll_bb.v                      ; --            ; --          ; --         ;
; MISC_FILE                           ; v/sdram_pll.ppf                       ; --            ; --          ; --         ;
; MISC_FILE                           ; Sdram_Control/Sdram_RD_FIFO_bb.v      ; --            ; --          ; --         ;
; MISC_FILE                           ; Sdram_Control/Sdram_WR_FIFO_bb.v      ; --            ; --          ; --         ;
; MISC_FILE                           ; ../CLKSRC_bb.v                        ; --            ; --          ; --         ;
; MISC_FILE                           ; ../CLKSRC.ppf                         ; --            ; --          ; --         ;
; MISC_FILE                           ; ../FIFO_sram_bb.v                     ; --            ; --          ; --         ;
; MISC_FILE                           ; ../FIFO_sync_bb.v                     ; --            ; --          ; --         ;
; MISC_FILE                           ; ../convert1.bsf                       ; --            ; --          ; --         ;
; MISC_FILE                           ; ../convert1_inst.v                    ; --            ; --          ; --         ;
; MISC_FILE                           ; ../convert1_bb.v                      ; --            ; --          ; --         ;
; MISC_FILE                           ; ../convert1.inc                       ; --            ; --          ; --         ;
; MISC_FILE                           ; ../convert1.cmp                       ; --            ; --          ; --         ;
; MISC_FILE                           ; ../convert2.bsf                       ; --            ; --          ; --         ;
; MISC_FILE                           ; ../convert2_inst.v                    ; --            ; --          ; --         ;
; MISC_FILE                           ; ../convert2_bb.v                      ; --            ; --          ; --         ;
; MISC_FILE                           ; ../convert2.inc                       ; --            ; --          ; --         ;
; MISC_FILE                           ; ../convert2.cmp                       ; --            ; --          ; --         ;
; MISC_FILE                           ; ../fsqrt_bb.v                         ; --            ; --          ; --         ;
; PARTITION_COLOR                     ; 16764057                              ; --            ; --          ; Top        ;
; PARTITION_FITTER_PRESERVATION_LEVEL ; PLACEMENT_AND_ROUTING                 ; --            ; --          ; Top        ;
; PARTITION_NETLIST_TYPE              ; SOURCE                                ; --            ; --          ; Top        ;
; POWER_BOARD_THERMAL_MODEL           ; None (CONSERVATIVE)                   ; --            ; --          ; --         ;
; POWER_PRESET_COOLING_SOLUTION       ; 23 MM HEAT SINK WITH 200 LFPM AIRFLOW ; --            ; --          ; --         ;
+-------------------------------------+---------------------------------------+---------------+-------------+------------+


+-------------------------------------------------------------------------------------------------------------------------------+
; Flow Elapsed Time                                                                                                             ;
+---------------------------+--------------+-------------------------+---------------------+------------------------------------+
; Module Name               ; Elapsed Time ; Average Processors Used ; Peak Virtual Memory ; Total CPU Time (on all processors) ;
+---------------------------+--------------+-------------------------+---------------------+------------------------------------+
; Analysis & Synthesis      ; 00:00:21     ; 1.0                     ; 637 MB              ; 00:00:20                           ;
; Fitter                    ; 00:00:43     ; 1.4                     ; 1608 MB             ; 00:01:01                           ;
; Assembler                 ; 00:00:04     ; 1.0                     ; 509 MB              ; 00:00:05                           ;
; TimeQuest Timing Analyzer ; 00:00:07     ; 1.0                     ; 684 MB              ; 00:00:08                           ;
; Total                     ; 00:01:15     ; --                      ; --                  ; 00:01:34                           ;
+---------------------------+--------------+-------------------------+---------------------+------------------------------------+


+----------------------------------------------------------------------------------------+
; Flow OS Summary                                                                        ;
+---------------------------+------------------+-----------+------------+----------------+
; Module Name               ; Machine Hostname ; OS Name   ; OS Version ; Processor type ;
+---------------------------+------------------+-----------+------------+----------------+
; Analysis & Synthesis      ; NTU-PC           ; Windows 7 ; 6.1        ; x86_64         ;
; Fitter                    ; NTU-PC           ; Windows 7 ; 6.1        ; x86_64         ;
; Assembler                 ; NTU-PC           ; Windows 7 ; 6.1        ; x86_64         ;
; TimeQuest Timing Analyzer ; NTU-PC           ; Windows 7 ; 6.1        ; x86_64         ;
+---------------------------+------------------+-----------+------------+----------------+


------------
; Flow Log ;
------------
quartus_map --read_settings_files=on --write_settings_files=off ProCam -c ProCam
quartus_fit --read_settings_files=off --write_settings_files=off ProCam -c ProCam
quartus_asm --read_settings_files=off --write_settings_files=off ProCam -c ProCam
quartus_sta ProCam -c ProCam



